[debug] [2026-07-18T07:56:54.441Z] ----------------------------------------------------------------------
[debug] [2026-07-18T07:56:54.446Z] Command:       C:\Program Files\nodejs\node.exe C:\Users\SATYAM KUMAR\AppData\Roaming\npm\node_modules\firebase-tools\lib\bin\firebase.js login --reauth
[debug] [2026-07-18T07:56:54.446Z] CLI Version:   14.19.1
[debug] [2026-07-18T07:56:54.446Z] Platform:      win32
[debug] [2026-07-18T07:56:54.447Z] Node Version:  v24.10.0
[debug] [2026-07-18T07:56:54.447Z] Time:          Sat Jul 18 2026 13:26:54 GMT+0530 (India Standard Time)
[debug] [2026-07-18T07:56:54.447Z] ----------------------------------------------------------------------
[debug] 
[debug] [2026-07-18T07:56:54.742Z] Object "" in "firebase.json" has unknown property: {"additionalProperty":"auth"}
[info] 
[info] Visit this URL on this device to log in:
[info] https://accounts.google.com/o/oauth2/auth?client_id=563584335869-fgrhgmd47bqnekij5i8b5pr03ho849e6.apps.googleusercontent.com&scope=email%20openid%20https%3A%2F%2Fwww.googleapis.com%2Fauth%2Fcloudplatformprojects.readonly%20https%3A%2F%2Fwww.googleapis.com%2Fauth%2Ffirebase%20https%3A%2F%2Fwww.googleapis.com%2Fauth%2Fcloud-platform&response_type=code&state=500209646&redirect_uri=http%3A%2F%2Flocalhost%3A9005
[info] 
[info] Waiting for authentication...
[debug] [2026-07-18T07:56:54.801Z] Error: spawn cmd ENOENT
    at ChildProcess._handle.onexit (node:internal/child_process:286:19)
    at onErrorNT (node:internal/child_process:484:16)
    at process.processTicksAndRejections (node:internal/process/task_queues:90:21)
[error] 
[error] Error: An unexpected error has occurred.
[debug] [2026-07-18T07:57:52.990Z] ----------------------------------------------------------------------
[debug] [2026-07-18T07:57:52.995Z] Command:       C:\Program Files\nodejs\node.exe C:\Users\SATYAM KUMAR\AppData\Roaming\npm\node_modules\firebase-tools\lib\bin\firebase.js login --reauth
[debug] [2026-07-18T07:57:52.995Z] CLI Version:   14.19.1
[debug] [2026-07-18T07:57:52.996Z] Platform:      win32
[debug] [2026-07-18T07:57:52.996Z] Node Version:  v24.10.0
[debug] [2026-07-18T07:57:52.996Z] Time:          Sat Jul 18 2026 13:27:52 GMT+0530 (India Standard Time)
[debug] [2026-07-18T07:57:52.996Z] ----------------------------------------------------------------------
[debug] 
[debug] [2026-07-18T07:57:53.307Z] Object "" in "firebase.json" has unknown property: {"additionalProperty":"auth"}
[info] 
[info] Visit this URL on this device to log in:
[info] https://accounts.google.com/o/oauth2/auth?client_id=563584335869-fgrhgmd47bqnekij5i8b5pr03ho849e6.apps.googleusercontent.com&scope=email%20openid%20https%3A%2F%2Fwww.googleapis.com%2Fauth%2Fcloudplatformprojects.readonly%20https%3A%2F%2Fwww.googleapis.com%2Fauth%2Ffirebase%20https%3A%2F%2Fwww.googleapis.com%2Fauth%2Fcloud-platform&response_type=code&state=619731622&redirect_uri=http%3A%2F%2Flocalhost%3A9005
[info] 
[info] Waiting for authentication...
[debug] [2026-07-18T07:57:53.368Z] Error: spawn cmd ENOENT
    at ChildProcess._handle.onexit (node:internal/child_process:286:19)
    at onErrorNT (node:internal/child_process:484:16)
    at process.processTicksAndRejections (node:internal/process/task_queues:90:21)
[error] 
[error] Error: An unexpected error has occurred.
