[debug] [2026-07-17T15:32:03.074Z] ----------------------------------------------------------------------
[debug] [2026-07-17T15:32:03.079Z] Command:       C:\Program Files\nodejs\node.exe C:\Users\SATYAM KUMAR\AppData\Roaming\npm\node_modules\firebase-tools\lib\bin\firebase.js apps:create web toolshub --project digirise-partner-os
[debug] [2026-07-17T15:32:03.079Z] CLI Version:   14.19.1
[debug] [2026-07-17T15:32:03.079Z] Platform:      win32
[debug] [2026-07-17T15:32:03.079Z] Node Version:  v24.10.0
[debug] [2026-07-17T15:32:03.080Z] Time:          Fri Jul 17 2026 21:02:03 GMT+0530 (India Standard Time)
[debug] [2026-07-17T15:32:03.080Z] ----------------------------------------------------------------------
[debug] 
[debug] [2026-07-17T15:32:03.091Z] > command requires scopes: ["email","openid","https://www.googleapis.com/auth/cloudplatformprojects.readonly","https://www.googleapis.com/auth/firebase","https://www.googleapis.com/auth/cloud-platform"]
[debug] [2026-07-17T15:32:03.091Z] > authorizing via signed-in user (theliquidlounge.co@gmail.com)
[info] Create your WEB app in project digirise-partner-os:
[debug] [2026-07-17T15:32:03.101Z] Checked if tokens are valid: false, expires at: 1760274115546
[debug] [2026-07-17T15:32:03.101Z] Checked if tokens are valid: false, expires at: 1760274115546
[debug] [2026-07-17T15:32:03.101Z] > refreshing access token with scopes: []
[debug] [2026-07-17T15:32:03.104Z] >>> [apiv2][query] POST https://www.googleapis.com/oauth2/v3/token [none]
[debug] [2026-07-17T15:32:03.104Z] >>> [apiv2][body] POST https://www.googleapis.com/oauth2/v3/token [omitted]
[debug] [2026-07-17T15:32:03.408Z] <<< [apiv2][status] POST https://www.googleapis.com/oauth2/v3/token 400
[debug] [2026-07-17T15:32:03.408Z] <<< [apiv2][body] POST https://www.googleapis.com/oauth2/v3/token [omitted]
[debug] [2026-07-17T15:32:03.409Z] >>> [apiv2][query] POST https://firebase.googleapis.com/v1beta1/projects/digirise-partner-os/webApps [none]
[debug] [2026-07-17T15:32:03.409Z] >>> [apiv2][body] POST https://firebase.googleapis.com/v1beta1/projects/digirise-partner-os/webApps {"displayName":"toolshub"}
[debug] [2026-07-17T15:32:03.719Z] <<< [apiv2][status] POST https://firebase.googleapis.com/v1beta1/projects/digirise-partner-os/webApps 401
[debug] [2026-07-17T15:32:03.719Z] <<< [apiv2][body] POST https://firebase.googleapis.com/v1beta1/projects/digirise-partner-os/webApps {"error":{"code":401,"message":"Request had invalid authentication credentials. Expected OAuth 2 access token, login cookie or other valid authentication credential. See https://developers.google.com/identity/sign-in/web/devconsole-project.","status":"UNAUTHENTICATED"}}
[debug] [2026-07-17T15:32:03.719Z] Got a 401 Unauthenticated error for a call that required authentication. Refreshing tokens.
[debug] [2026-07-17T15:32:03.719Z] Checked if tokens are valid: false, expires at: 1760274115546
[debug] [2026-07-17T15:32:03.719Z] Checked if tokens are valid: false, expires at: 1760274115546
[debug] [2026-07-17T15:32:03.719Z] > refreshing access token with scopes: []
[debug] [2026-07-17T15:32:03.720Z] >>> [apiv2][query] POST https://www.googleapis.com/oauth2/v3/token [none]
[debug] [2026-07-17T15:32:03.720Z] >>> [apiv2][body] POST https://www.googleapis.com/oauth2/v3/token [omitted]
[debug] [2026-07-17T15:32:03.877Z] <<< [apiv2][status] POST https://www.googleapis.com/oauth2/v3/token 400
[debug] [2026-07-17T15:32:03.877Z] <<< [apiv2][body] POST https://www.googleapis.com/oauth2/v3/token [omitted]
[debug] [2026-07-17T15:32:03.879Z] Request to https://firebase.googleapis.com/v1beta1/projects/digirise-partner-os/webApps had HTTP Error: 401, Request had invalid authentication credentials. Expected OAuth 2 access token, login cookie or other valid authentication credential. See https://developers.google.com/identity/sign-in/web/devconsole-project.
[debug] [2026-07-17T15:32:04.164Z] FirebaseError: Request to https://firebase.googleapis.com/v1beta1/projects/digirise-partner-os/webApps had HTTP Error: 401, Request had invalid authentication credentials. Expected OAuth 2 access token, login cookie or other valid authentication credential. See https://developers.google.com/identity/sign-in/web/devconsole-project.
    at responseToError (C:\Users\SATYAM KUMAR\AppData\Roaming\npm\node_modules\firebase-tools\lib\responseToError.js:52:12)
    at RetryOperation._fn (C:\Users\SATYAM KUMAR\AppData\Roaming\npm\node_modules\firebase-tools\lib\apiv2.js:312:77)
    at process.processTicksAndRejections (node:internal/process/task_queues:105:5)
[error] 
[error] Error: Failed to create Web app for project digirise-partner-os. See firebase-debug.log for more info.
[debug] [2026-07-17T15:34:56.343Z] ----------------------------------------------------------------------
[debug] [2026-07-17T15:34:56.348Z] Command:       C:\Program Files\nodejs\node.exe C:\Users\SATYAM KUMAR\AppData\Roaming\npm\node_modules\firebase-tools\lib\bin\firebase.js projects:list
[debug] [2026-07-17T15:34:56.348Z] CLI Version:   14.19.1
[debug] [2026-07-17T15:34:56.349Z] Platform:      win32
[debug] [2026-07-17T15:34:56.349Z] Node Version:  v24.10.0
[debug] [2026-07-17T15:34:56.349Z] Time:          Fri Jul 17 2026 21:04:56 GMT+0530 (India Standard Time)
[debug] [2026-07-17T15:34:56.349Z] ----------------------------------------------------------------------
[debug] 
[debug] [2026-07-17T15:34:56.360Z] > command requires scopes: ["email","openid","https://www.googleapis.com/auth/cloudplatformprojects.readonly","https://www.googleapis.com/auth/firebase","https://www.googleapis.com/auth/cloud-platform"]
[debug] [2026-07-17T15:34:56.361Z] > authorizing via signed-in user (theliquidlounge.co@gmail.com)
[debug] [2026-07-17T15:34:56.368Z] Checked if tokens are valid: false, expires at: 1760274115546
[debug] [2026-07-17T15:34:56.369Z] Checked if tokens are valid: false, expires at: 1760274115546
[debug] [2026-07-17T15:34:56.369Z] > refreshing access token with scopes: []
[debug] [2026-07-17T15:34:56.372Z] >>> [apiv2][query] POST https://www.googleapis.com/oauth2/v3/token [none]
[debug] [2026-07-17T15:34:56.373Z] >>> [apiv2][body] POST https://www.googleapis.com/oauth2/v3/token [omitted]
[debug] [2026-07-17T15:34:56.724Z] <<< [apiv2][status] POST https://www.googleapis.com/oauth2/v3/token 400
[debug] [2026-07-17T15:34:56.724Z] <<< [apiv2][body] POST https://www.googleapis.com/oauth2/v3/token [omitted]
[debug] [2026-07-17T15:34:56.725Z] >>> [apiv2][query] GET https://firebase.googleapis.com/v1beta1/projects pageSize=1000
[debug] [2026-07-17T15:34:57.109Z] <<< [apiv2][status] GET https://firebase.googleapis.com/v1beta1/projects 401
[debug] [2026-07-17T15:34:57.109Z] <<< [apiv2][body] GET https://firebase.googleapis.com/v1beta1/projects [omitted]
[debug] [2026-07-17T15:34:57.109Z] Got a 401 Unauthenticated error for a call that required authentication. Refreshing tokens.
[debug] [2026-07-17T15:34:57.109Z] Checked if tokens are valid: false, expires at: 1760274115546
[debug] [2026-07-17T15:34:57.110Z] Checked if tokens are valid: false, expires at: 1760274115546
[debug] [2026-07-17T15:34:57.110Z] > refreshing access token with scopes: []
[debug] [2026-07-17T15:34:57.110Z] >>> [apiv2][query] POST https://www.googleapis.com/oauth2/v3/token [none]
[debug] [2026-07-17T15:34:57.110Z] >>> [apiv2][body] POST https://www.googleapis.com/oauth2/v3/token [omitted]
[debug] [2026-07-17T15:34:57.261Z] <<< [apiv2][status] POST https://www.googleapis.com/oauth2/v3/token 400
[debug] [2026-07-17T15:34:57.261Z] <<< [apiv2][body] POST https://www.googleapis.com/oauth2/v3/token [omitted]
[debug] [2026-07-17T15:34:57.263Z] Request to https://firebase.googleapis.com/v1beta1/projects?pageSize=1000 had HTTP Error: 401, Request had invalid authentication credentials. Expected OAuth 2 access token, login cookie or other valid authentication credential. See https://developers.google.com/identity/sign-in/web/devconsole-project.
[debug] [2026-07-17T15:34:57.640Z] FirebaseError: Request to https://firebase.googleapis.com/v1beta1/projects?pageSize=1000 had HTTP Error: 401, Request had invalid authentication credentials. Expected OAuth 2 access token, login cookie or other valid authentication credential. See https://developers.google.com/identity/sign-in/web/devconsole-project.
    at responseToError (C:\Users\SATYAM KUMAR\AppData\Roaming\npm\node_modules\firebase-tools\lib\responseToError.js:52:12)
    at RetryOperation._fn (C:\Users\SATYAM KUMAR\AppData\Roaming\npm\node_modules\firebase-tools\lib\apiv2.js:312:77)
    at process.processTicksAndRejections (node:internal/process/task_queues:105:5)
[error] 
[error] Error: Failed to list Firebase projects. See firebase-debug.log for more info.
